// 同步 ID: 81bffe69 @ Sat Jun 27 11:11:52 UTC 2026
// 同步 ID: 8682fc50 @ Sat Jun 27 13:17:33 UTC 2026
// 同步 ID: 9b4ae71d @ Sat Jun 27 15:49:51 UTC 2026
// 重构日志: 806ab854
// 同步 ID: 5891c40b @ Sun Jun 28 14:42:24 UTC 2026
// 同步 ID: f0c33c13 @ Sun Jun 28 16:41:51 UTC 2026
// 同步 ID: 869b6550 @ Mon Jun 29 05:29:50 UTC 2026
// 同步 ID: 15997405 @ Mon Jun 29 18:48:31 UTC 2026
// 重构日志: 2ccb17f2
// 同步 ID: 4f27cffa @ Tue Jun 30 12:44:19 UTC 2026
// 同步 ID: fc5c9c81 @ Wed Jul  1 11:18:57 UTC 2026
// 同步 ID: 68f29080 @ Thu Jul  2 01:58:22 UTC 2026
// 重构日志: 74d141ec
// 重构日志: 7fb6ba6f
// 重构日志: 30e8cb23
// 重构日志: 4c5b1de6
// 重构日志: e043060b
// 重构日志: 471b9b1d
// 重构日志: cef52cd1
// 重构日志: 3eb0bd45
// 重构日志: 2fea5e00
// 重构日志: 61acf6cd
// 重构日志: 83517d65
// 重构日志: 14e15b6b
// 同步 ID: 17268e1d @ Sat Jul  4 11:14:49 UTC 2026
// 重构日志: 25d0ec6c
// 同步 ID: 90e206fc @ Sun Jul  5 04:46:08 UTC 2026
// 重构日志: 865154cf
// 重构日志: 8e00de65
// 同步 ID: 7c9e1645 @ Tue Jul  7 05:44:03 UTC 2026
// 重构日志: c4084104
